build/app/intermediates/manifest_merge_blame_file/release/manifest-merger-blame-release-report.txt
1<?xml version="1.0" encoding="utf-8"?>
2<manifest xmlns:android="http://schemas.android.com/apk/res/android"
3    package="com.popupbits.fl_live_launcher"
4    android:versionCode="1"
5    android:versionName="1.0.0" >
6
7    <uses-sdk
8        android:minSdkVersion="19"
8-->src\main\AndroidManifest.xml
9        android:targetSdkVersion="33" />
9-->src\main\AndroidManifest.xml
10    <!--
11         io.flutter.app.FlutterApplication is an android.app.Application that
12         calls FlutterMain.startInitialization(this); in its onCreate method.
13         In most cases you can leave this as-is, but you if you want to provide
14         additional functionality it is fine to subclass or reimplement
15         FlutterApplication and put your custom class here.
16    -->
17    <uses-permission android:name="android.permission.QUERY_ALL_PACKAGES" />
17-->src\main\AndroidManifest.xml:9:5-76
17-->src\main\AndroidManifest.xml:9:22-74
18
19    <application
20        android:name="android.app.Application"
20-->src\main\AndroidManifest.xml:11:9-42
21        android:appComponentFactory="androidx.core.app.CoreComponentFactory"
21-->[androidx.core:core:1.6.0] AndroidManifest.xml:24:18-86
22        android:icon="@mipmap/icon_etica"
22-->src\main\AndroidManifest.xml:13:9-42
23        android:label="etica_launcher" >
23-->src\main\AndroidManifest.xml:12:9-39
24        <activity
24-->src\main\AndroidManifest.xml:14:9-44:20
25            android:name="com.popupbits.fl_live_launcher.MainActivity"
25-->src\main\AndroidManifest.xml:16:13-41
26            android:configChanges="orientation|keyboardHidden|keyboard|screenSize|smallestScreenSize|locale|layoutDirection|fontScale|screenLayout|density|uiMode"
26-->src\main\AndroidManifest.xml:19:13-163
27            android:exported="true"
27-->src\main\AndroidManifest.xml:15:13-36
28            android:hardwareAccelerated="true"
28-->src\main\AndroidManifest.xml:20:13-47
29            android:launchMode="singleTop"
29-->src\main\AndroidManifest.xml:17:13-43
30            android:theme="@style/Theme.Transparent"
30-->src\main\AndroidManifest.xml:18:13-53
31            android:windowSoftInputMode="adjustResize" >
31-->src\main\AndroidManifest.xml:21:13-55
32
33            <!--
34                 Specifies an Android theme to apply to this Activity as soon as
35                 the Android process has started. This theme is visible to the user
36                 while the Flutter UI initializes. After that, this theme continues
37                 to determine the Window background behind the Flutter UI.
38            -->
39            <!--
40              <meta-data
41              android:name="io.flutter.embedding.android.NormalTheme"
42              android:resource="@style/NormalTheme"
43              />
44            -->
45            <!--
46                 Displays an Android View that continues showing the launch screen
47                 Drawable until Flutter paints its first frame, then this splash
48                 screen fades out. A splash screen is useful to avoid any visual
49                 gap between the end of Android's launch screen and the painting of
50                 Flutter's first frame.
51            -->
52            <meta-data
52-->src\main\AndroidManifest.xml:35:13-37:65
53                android:name="io.flutter.embedding.android.SplashScreenDrawable"
53-->src\main\AndroidManifest.xml:36:17-81
54                android:resource="@drawable/launch_background" />
54-->src\main\AndroidManifest.xml:37:17-63
55
56            <intent-filter>
56-->src\main\AndroidManifest.xml:38:13-43:29
57                <action android:name="android.intent.action.MAIN" />
57-->src\main\AndroidManifest.xml:39:17-68
57-->src\main\AndroidManifest.xml:39:25-66
58
59                <category android:name="android.intent.category.LAUNCHER" />
59-->src\main\AndroidManifest.xml:40:17-76
59-->src\main\AndroidManifest.xml:40:27-74
60                <category android:name="android.intent.category.HOME" />
60-->src\main\AndroidManifest.xml:41:17-72
60-->src\main\AndroidManifest.xml:41:27-70
61                <category android:name="android.intent.category.DEFAULT" />
61-->src\main\AndroidManifest.xml:42:17-75
61-->src\main\AndroidManifest.xml:42:27-73
62            </intent-filter>
63        </activity>
64        <!--
65             Don't delete the meta-data below.
66             This is used by the Flutter tool to generate GeneratedPluginRegistrant.java
67        -->
68        <meta-data
68-->src\main\AndroidManifest.xml:47:9-71
69            android:name="flutterEmbedding"
69-->src\main\AndroidManifest.xml:47:20-51
70            android:value="2" />
70-->src\main\AndroidManifest.xml:47:52-69
71
72        <uses-library
72-->[androidx.window:window:1.0.0-beta04] AndroidManifest.xml:25:9-27:40
73            android:name="androidx.window.extensions"
73-->[androidx.window:window:1.0.0-beta04] AndroidManifest.xml:26:13-54
74            android:required="false" />
74-->[androidx.window:window:1.0.0-beta04] AndroidManifest.xml:27:13-37
75        <uses-library
75-->[androidx.window:window:1.0.0-beta04] AndroidManifest.xml:28:9-30:40
76            android:name="androidx.window.sidecar"
76-->[androidx.window:window:1.0.0-beta04] AndroidManifest.xml:29:13-51
77            android:required="false" />
77-->[androidx.window:window:1.0.0-beta04] AndroidManifest.xml:30:13-37
78    </application>
79
80</manifest>